<?xml version="1.0" encoding="UTF-8"?>
<!-- Generated by org.testng.reporters.JUnitReportReporter -->
<testsuite hostname="DESKTOP-7SJ24SJ" failures="0" tests="4" name="testSuite.TestInteractWithFramesAndIframeFieldsSuite" time="9.595" errors="0" timestamp="2024-05-21T13:33:36 EEST" skipped="0">
  <testcase classname="testSuite.TestInteractWithFramesAndIframeFieldsSuite" name="testingRadioCheckboxPage" time="1.664"/>
  <system-out/>
  <testcase classname="testSuite.TestInteractWithFramesAndIframeFieldsSuite" name="testingFramePage" time="2.978"/>
  <system-out/>
  <testcase classname="testSuite.TestInteractWithFramesAndIframeFieldsSuite" name="openRadioCheckboxPage" time="1.499"/>
  <system-out/>
  <testcase classname="testSuite.TestInteractWithFramesAndIframeFieldsSuite" name="openFramePage" time="3.454"/>
  <system-out/>
</testsuite> <!-- testSuite.TestInteractWithFramesAndIframeFieldsSuite -->
