<?xml version="1.0" encoding="UTF-8"?>
<!-- Generated by org.testng.reporters.JUnitReportReporter -->
<testsuite hostname="DESKTOP-7SJ24SJ" failures="0" tests="6" name="com.testSuite.TestInteractWithInputAndButtonFieldsSuite" time="2.343" errors="1" timestamp="2024-04-26T16:18:14 EEST" skipped="5">
  <testcase classname="com.testSuite.TestInteractWithInputAndButtonFieldsSuite" name="setUp" time="2.343">
    <error message="org.openqa.selenium.devtools.CdpEndpointFinder.getHttpClient(Lorg/openqa/selenium/remote/http/HttpClient$Factory;Ljava/net/URI;)Lorg/openqa/selenium/remote/http/HttpClient;" type="java.lang.NoSuchMethodError">
      <![CDATA[java.lang.NoSuchMethodError: org.openqa.selenium.devtools.CdpEndpointFinder.getHttpClient(Lorg/openqa/selenium/remote/http/HttpClient$Factory;Ljava/net/URI;)Lorg/openqa/selenium/remote/http/HttpClient;
at org.openqa.selenium.chromium.ChromiumDriver.lambda$new$2(ChromiumDriver.java:139)
at java.base/java.util.Optional.map(Optional.java:265)
at org.openqa.selenium.chromium.ChromiumDriver.<init>(ChromiumDriver.java:139)
at org.openqa.selenium.chrome.ChromeDriver.<init>(ChromeDriver.java:88)
at org.openqa.selenium.chrome.ChromeDriver.<init>(ChromeDriver.java:83)
at com.codeborne.selenide.webdriver.ChromeDriverFactory.create(ChromeDriverFactory.java:34)
at com.codeborne.selenide.webdriver.WebDriverFactory.createWebDriverInstance(WebDriverFactory.java:120)
at com.codeborne.selenide.webdriver.WebDriverFactory.createWebDriver(WebDriverFactory.java:67)
at com.codeborne.selenide.drivercommands.CreateDriverCommand.lambda$createDriver$0(CreateDriverCommand.java:76)
at com.codeborne.selenide.logevents.SelenideLogger.wrap(SelenideLogger.java:133)
at com.codeborne.selenide.logevents.SelenideLogger.get(SelenideLogger.java:113)
at com.codeborne.selenide.drivercommands.CreateDriverCommand.createDriver(CreateDriverCommand.java:52)
at com.codeborne.selenide.impl.WebDriverThreadLocalContainer.createDriver(WebDriverThreadLocalContainer.java:205)
at com.codeborne.selenide.impl.WebDriverThreadLocalContainer.createAndRegisterDriver(WebDriverThreadLocalContainer.java:190)
at com.codeborne.selenide.impl.WebDriverThreadLocalContainer.getAndCheckWebDriver(WebDriverThreadLocalContainer.java:152)
at com.codeborne.selenide.WebDriverRunner.getAndCheckWebDriver(WebDriverRunner.java:130)
at com.codeborne.selenide.impl.StaticDriver.getAndCheckWebDriver(StaticDriver.java:65)
at com.codeborne.selenide.SelenideDriver.getAndCheckWebDriver(SelenideDriver.java:223)
at com.codeborne.selenide.drivercommands.Navigator.lambda$navigateTo$0(Navigator.java:71)
at com.codeborne.selenide.logevents.SelenideLogger.lambda$run$0(SelenideLogger.java:105)
at com.codeborne.selenide.logevents.SelenideLogger.wrap(SelenideLogger.java:133)
at com.codeborne.selenide.logevents.SelenideLogger.run(SelenideLogger.java:104)
at com.codeborne.selenide.drivercommands.Navigator.navigateTo(Navigator.java:69)
at com.codeborne.selenide.drivercommands.Navigator.open(Navigator.java:32)
at com.codeborne.selenide.SelenideDriver.open(SelenideDriver.java:102)
at com.codeborne.selenide.Selenide.open(Selenide.java:53)
at BaseTest.BaseTest.setUp(BaseTest.java:22)
at java.base/jdk.internal.reflect.NativeMethodAccessorImpl.invoke0(Native Method)
at java.base/jdk.internal.reflect.NativeMethodAccessorImpl.invoke(NativeMethodAccessorImpl.java:62)
at java.base/jdk.internal.reflect.DelegatingMethodAccessorImpl.invoke(DelegatingMethodAccessorImpl.java:43)
at java.base/java.lang.reflect.Method.invoke(Method.java:566)
at org.testng.internal.MethodInvocationHelper.invokeMethod(MethodInvocationHelper.java:133)
at org.testng.internal.MethodInvocationHelper.invokeMethodConsideringTimeout(MethodInvocationHelper.java:62)
at org.testng.internal.ConfigInvoker.invokeConfigurationMethod(ConfigInvoker.java:385)
at org.testng.internal.ConfigInvoker.invokeConfigurations(ConfigInvoker.java:321)
at org.testng.internal.TestInvoker.runConfigMethods(TestInvoker.java:700)
at org.testng.internal.TestInvoker.invokeMethod(TestInvoker.java:527)
at org.testng.internal.TestInvoker.invokeTestMethod(TestInvoker.java:173)
at org.testng.internal.MethodRunner.runInSequence(MethodRunner.java:46)
at org.testng.internal.TestInvoker$MethodInvocationAgent.invoke(TestInvoker.java:824)
at org.testng.internal.TestInvoker.invokeTestMethods(TestInvoker.java:146)
at org.testng.internal.TestMethodWorker.invokeTestMethods(TestMethodWorker.java:146)
at org.testng.internal.TestMethodWorker.run(TestMethodWorker.java:128)
at java.base/java.util.ArrayList.forEach(ArrayList.java:1541)
at org.testng.TestRunner.privateRun(TestRunner.java:794)
at org.testng.TestRunner.run(TestRunner.java:596)
at org.testng.SuiteRunner.runTest(SuiteRunner.java:377)
at org.testng.SuiteRunner.runSequentially(SuiteRunner.java:371)
at org.testng.SuiteRunner.privateRun(SuiteRunner.java:332)
at org.testng.SuiteRunner.run(SuiteRunner.java:276)
at org.testng.SuiteRunnerWorker.runSuite(SuiteRunnerWorker.java:53)
at org.testng.SuiteRunnerWorker.run(SuiteRunnerWorker.java:96)
at java.base/java.util.concurrent.ThreadPoolExecutor.runWorker(ThreadPoolExecutor.java:1128)
at java.base/java.util.concurrent.ThreadPoolExecutor$Worker.run(ThreadPoolExecutor.java:628)
at java.base/java.lang.Thread.run(Thread.java:834)
]]>
    </error>
  </testcase> <!-- setUp -->
  <system-out/>
  <testcase classname="com.testSuite.TestInteractWithInputAndButtonFieldsSuite" name="openLetcodePage" time="0.000">
    <skipped/>
  </testcase> <!-- openLetcodePage -->
  <system-out/>
  <testcase classname="com.testSuite.TestInteractWithInputAndButtonFieldsSuite" name="openInputPage" time="0.000">
    <skipped/>
  </testcase> <!-- openInputPage -->
  <system-out/>
  <testcase classname="com.testSuite.TestInteractWithInputAndButtonFieldsSuite" name="openButtonPage" time="0.000">
    <skipped/>
  </testcase> <!-- openButtonPage -->
  <system-out/>
  <testcase classname="com.testSuite.TestInteractWithInputAndButtonFieldsSuite" name="openSelectPage" time="0.000">
    <skipped/>
  </testcase> <!-- openSelectPage -->
  <system-out/>
  <testcase classname="com.testSuite.TestInteractWithInputAndButtonFieldsSuite" name="openDialogPage" time="0.000">
    <skipped/>
  </testcase> <!-- openDialogPage -->
  <system-out/>
</testsuite> <!-- com.testSuite.TestInteractWithInputAndButtonFieldsSuite -->
