<?xml version="1.0" encoding="UTF-8"?>
<!-- Generated by org.testng.reporters.JUnitReportReporter -->
<testsuite hostname="DESKTOP-7SJ24SJ" failures="0" tests="5" name="testSuite.TestInteractWithInputAndButtonFieldsSuite" time="13.901" errors="0" timestamp="2024-05-21T13:33:36 EEST" skipped="0">
  <testcase classname="testSuite.TestInteractWithInputAndButtonFieldsSuite" name="interactWithButtonPage" time="5.472"/>
  <system-out/>
  <testcase classname="testSuite.TestInteractWithInputAndButtonFieldsSuite" name="interactWithinputPage" time="3.063"/>
  <system-out/>
  <testcase classname="testSuite.TestInteractWithInputAndButtonFieldsSuite" name="openInputPage" time="1.648"/>
  <system-out/>
  <testcase classname="testSuite.TestInteractWithInputAndButtonFieldsSuite" name="openLetcodePage" time="1.540"/>
  <system-out/>
  <testcase classname="testSuite.TestInteractWithInputAndButtonFieldsSuite" name="openButtonPage" time="2.178"/>
  <system-out/>
</testsuite> <!-- testSuite.TestInteractWithInputAndButtonFieldsSuite -->
